<?xml version="1.0" encoding="UTF-8"?>
<!-- Generated by org.testng.reporters.JUnitXMLReporter -->
<testsuite hostname="Mohit" name="Tests" tests="27" failures="7" timestamp="1 Apr 2020 13:16:01 GMT" time="0.095" errors="0">
  <testcase name="class1_Method2" time="0.012" classname="Demo.TestDemo">
    <failure type="java.lang.AssertionError" message="expected [true] but found [false]">
      <![CDATA[java.lang.AssertionError: expected [true] but found [false]
	at Demo.TestDemo.class1_Method2(TestDemo.java:29)
... Removed 28 stack frames]]>
    </failure>
  </testcase> <!-- class1_Method2 -->
  <testcase name="class1_Method1" time="0.001" classname="Demo.TestDemo"/>
  <testcase name="class1_Method3" time="0.002" classname="Demo.TestDemo"/>
  <testcase name="class2_Method5" time="0.002" classname="Demo.TestClass1"/>
  <testcase name="class2_Method1" time="0.001" classname="Demo.TestClass1"/>
  <testcase name="class2_Method2" time="0.0" classname="Demo.TestClass1"/>
  <testcase name="class2_Method3" time="0.001" classname="Demo.TestClass1"/>
  <testcase name="class2_Method4" time="0.001" classname="Demo.TestClass1">
    <failure type="java.lang.AssertionError" message="expected [true] but found [false]">
      <![CDATA[java.lang.AssertionError: expected [true] but found [false]
	at Demo.TestClass1.class2_Method4(TestClass1.java:28)
... Removed 28 stack frames]]>
    </failure>
  </testcase> <!-- class2_Method4 -->
  <testcase name="class2_Method6" time="0.001" classname="Demo.TestClass1"/>
  <testcase name="class2_Method5" time="0.001" classname="Demo.TestClass2"/>
  <testcase name="class2_Method1" time="0.001" classname="Demo.TestClass2"/>
  <testcase name="class2_Method2" time="0.0" classname="Demo.TestClass2"/>
  <testcase name="class2_Method3" time="0.001" classname="Demo.TestClass2"/>
  <testcase name="class2_Method4" time="0.001" classname="Demo.TestClass2">
    <failure type="java.lang.AssertionError" message="expected [true] but found [false]">
      <![CDATA[java.lang.AssertionError: expected [true] but found [false]
	at Demo.TestClass2.class2_Method4(TestClass2.java:28)
... Removed 28 stack frames]]>
    </failure>
  </testcase> <!-- class2_Method4 -->
  <testcase name="class2_Method6" time="0.001" classname="Demo.TestClass2"/>
  <testcase name="class2_Method5" time="0.001" classname="Demo.TestClass3"/>
  <testcase name="class2_Method1" time="0.001" classname="Demo.TestClass3"/>
  <testcase name="class2_Method2" time="0.002" classname="Demo.TestClass3">
    <failure type="java.lang.AssertionError" message="expected [true] but found [false]">
      <![CDATA[java.lang.AssertionError: expected [true] but found [false]
	at Demo.TestClass3.class2_Method2(TestClass3.java:16)
... Removed 28 stack frames]]>
    </failure>
  </testcase> <!-- class2_Method2 -->
  <testcase name="class2_Method3" time="0.001" classname="Demo.TestClass3"/>
  <testcase name="class2_Method4" time="0.001" classname="Demo.TestClass3">
    <failure type="java.lang.AssertionError" message="expected [true] but found [false]">
      <![CDATA[java.lang.AssertionError: expected [true] but found [false]
	at Demo.TestClass3.class2_Method4(TestClass3.java:28)
... Removed 28 stack frames]]>
    </failure>
  </testcase> <!-- class2_Method4 -->
  <testcase name="class2_Method6" time="0.001" classname="Demo.TestClass3"/>
  <testcase name="class2_Method5" time="0.0" classname="Demo.TestClass4"/>
  <testcase name="class2_Method1" time="0.002" classname="Demo.TestClass4"/>
  <testcase name="class2_Method2" time="0.001" classname="Demo.TestClass4"/>
  <testcase name="class2_Method3" time="0.001" classname="Demo.TestClass4">
    <failure type="java.lang.AssertionError" message="expected [true] but found [false]">
      <![CDATA[java.lang.AssertionError: expected [true] but found [false]
	at Demo.TestClass4.class2_Method3(TestClass4.java:22)
... Removed 28 stack frames]]>
    </failure>
  </testcase> <!-- class2_Method3 -->
  <testcase name="class2_Method4" time="0.001" classname="Demo.TestClass4">
    <failure type="java.lang.AssertionError" message="expected [true] but found [false]">
      <![CDATA[java.lang.AssertionError: expected [true] but found [false]
	at Demo.TestClass4.class2_Method4(TestClass4.java:28)
... Removed 28 stack frames]]>
    </failure>
  </testcase> <!-- class2_Method4 -->
  <testcase name="class2_Method6" time="0.001" classname="Demo.TestClass4"/>
</testsuite> <!-- Tests -->
